🔌 Transaction server listening on localhost:9999
   Waiting for Flink to connect...
✅ Flink connected from ('127.0.0.1', 58606)

📊 Generating 1000 transactions (delay: 0.5s between each)
📤 Sending through socket: localhost:9999
⏰ Started at: 2026-03-06 22:51:04

  ✓ Sent 50/1000 transactions
    Last: user_002 - $292.7 ✅ SUCCESS
  ✓ Sent 100/1000 transactions
    Last: user_006 - $191.1 ✅ SUCCESS
  ✓ Sent 150/1000 transactions
    Last: user_002 - $281.93 ❌ FAILED
  ✓ Sent 200/1000 transactions
    Last: user_007 - $422.92 ❌ FAILED
  ✓ Sent 250/1000 transactions
    Last: user_005 - $57.34 ❌ FAILED
  ✓ Sent 300/1000 transactions
    Last: user_006 - $422.89 ✅ SUCCESS
  ✓ Sent 350/1000 transactions
    Last: user_007 - $441.69 ✅ SUCCESS
  ✓ Sent 400/1000 transactions
    Last: user_002 - $66.54 ✅ SUCCESS
  ✓ Sent 450/1000 transactions
    Last: user_008 - $209.86 ✅ SUCCESS
  ✓ Sent 500/1000 transactions
    Last: user_002 - $297.79 ✅ SUCCESS
  ✓ Sent 550/1000 transactions
    Last: user_005 - $356.49 ❌ FAILED
❌ Failed to send transaction: [Errno 32] Broken pipe
❌ Stopped at transaction 558

✅ Completed! Sent all 1000 transactions
⏰ Finished at: 2026-03-06 22:55:45

Socket connection closed
